Warning: You are sending unauthenticated requests to the HF Hub. Please set a HF_TOKEN to enable higher rate limits and faster downloads.
Sentiment model: fabriceyhc/bert-base-uncased-imdb
Sarcasm model:   helinivan/english-sarcasm-detector
Loading weights:   0%|          | 0/201 [00:00<?, ?it/s]Loading weights: 100%|██████████| 201/201 [00:00<00:00, 53371.43it/s]
Loading weights:   0%|          | 0/201 [00:00<?, ?it/s]Loading weights: 100%|██████████| 201/201 [00:00<00:00, 49011.98it/s]

[PASS] 'This film was a beautiful, moving masterpiece. I cried …'
       got Positive/Not Sarcastic (expected Positive/Not Sarcastic) → Genuinely Positive
[PASS] 'Awful. Two hours of my life I will never get back.'
       got Negative/Not Sarcastic (expected Negative/Not Sarcastic) → Genuinely Negative
[FAIL] 'Oh sure, this was the BEST movie ever made 🙄'
       got Positive/Not Sarcastic (expected Positive/Sarcastic) → Genuinely Positive
[PASS] 'Yeah, terrible movie, just terrible — said no one who e…'
       got Negative/Sarcastic (expected Negative/Sarcastic) → Likely Negative (sarcastic negative)
[FAIL] 'Wow, what a thrill, watching paint dry would have been …'
       got Positive/Not Sarcastic (expected any/Sarcastic) → Genuinely Positive
[PASS] 'Absolutely loved the soundtrack and the acting was supe…'
       got Positive/Not Sarcastic (expected Positive/Not Sarcastic) → Genuinely Positive

────────────────────────────────────────────────────────────
SUMMARY: 4/6 examples passed
❌ FAILED

--- extra movie-review examples ---

Review   : Oh sure, BEST movie ever 🙄
Sentiment: Positive (100.0%)
Sarcasm  : Not Sarcastic (69.3%)
Verdict  : Genuinely Positive

Review   : A genuine masterpiece, I was moved to tears.
Sentiment: Positive (100.0%)
Sarcasm  : Not Sarcastic (99.3%)
Verdict  : Genuinely Positive

Review   : Wow, two hours I'll never get back. Just brilliant. /s
Sentiment: Positive (100.0%)
Sarcasm  : Not Sarcastic (96.6%)
Verdict  : Genuinely Positive
