Warning: You are sending unauthenticated requests to the HF Hub. Please set a HF_TOKEN to enable higher rate limits and faster downloads.
MUStARD: 200 utterances | sarcastic 92 / not 108
Source shows: FRIENDS, Big Bang Theory, Golden Girls, Sarcasmoholics

Loading weights:   0%|          | 0/201 [00:00<?, ?it/s]Loading weights: 100%|██████████| 201/201 [00:00<00:00, 84516.80it/s]
### helinivan (news headlines)  [helinivan/english-sarcasm-detector]
    Acc 0.5350 | P 0.3333 | R 0.0109 | F1 0.0211 | pred-sarc-share 1.5%
    CM: TN106 FP2 FN91 TP1

Loading weights:   0%|          | 0/202 [00:00<?, ?it/s]Loading weights: 100%|██████████| 202/202 [00:00<00:00, 9631.45it/s]
### dnzblgn (customer reviews)  [dnzblgn/Sarcasm-Detection-Customer-Reviews]
    Acc 0.5800 | P 0.5625 | R 0.3913 | F1 0.4615 | pred-sarc-share 32.0%
    CM: TN80 FP28 FN56 TP36

Loading weights:   0%|          | 0/201 [00:00<?, ?it/s]Loading weights: 100%|██████████| 201/201 [00:00<00:00, 44310.69it/s]
### jkhan447 BERT-CR (cust.rev)  [jkhan447/sarcasm-detection-Bert-base-uncased-CR]
    Acc 0.5950 | P 0.6170 | R 0.3152 | F1 0.4173 | pred-sarc-share 23.5%
    CM: TN90 FP18 FN63 TP29

Loading weights:   0%|          | 0/201 [00:00<?, ?it/s]Loading weights: 100%|██████████| 201/201 [00:00<00:00, 58586.18it/s]
### cardiffnlp (twitter irony)  [cardiffnlp/twitter-roberta-base-irony]
    Acc 0.5350 | P 0.4923 | R 0.3478 | F1 0.4076 | pred-sarc-share 32.5%
    CM: TN75 FP33 FN60 TP32

Baseline majority: acc 0.5400 / F1 0.0000

=== RANKING by F1 on MUStARD (film/TV sarcasm) ===
  dnzblgn (customer reviews)     F1 0.4615  Acc 0.5800
  jkhan447 BERT-CR (cust.rev)    F1 0.4173  Acc 0.5950
  cardiffnlp (twitter irony)     F1 0.4076  Acc 0.5350
  helinivan (news headlines)     F1 0.0211  Acc 0.5350
