Warning: You are sending unauthenticated requests to the HF Hub. Please set a HF_TOKEN to enable higher rate limits and faster downloads.
Device: mps
Model:  fabriceyhc/bert-base-uncased-imdb

Loading weights:   0%|          | 0/201 [00:00<?, ?it/s]Loading weights: 100%|██████████| 201/201 [00:00<00:00, 50627.86it/s]
Test set: 1,066 reviews

Accuracy : 0.8096
Precision: 0.7603
Recall   : 0.9043
F1       : 0.8260

Confusion matrix (rows = true, cols = predicted; 0=neg, 1=pos):
          pred 0   pred 1
  true 0     381      152
  true 1      51      482

Baseline comparison (accuracy / F1):
  random         : 0.5131 / 0.5136
  majority class : 0.5000 / 0.0000
  our model      : 0.8096 / 0.8260

Prediction class share: neg 40.5% / pos 59.5%

Re-running Phase 1 sanity checks on the fine-tuned model…
Device : mps
Model  : fabriceyhc/bert-base-uncased-imdb
Loading model…

Loading weights:   0%|          | 0/201 [00:00<?, ?it/s]Loading weights: 100%|██████████| 201/201 [00:00<00:00, 46854.62it/s]
[PASS] Output shape & type          shape (6, 2) OK, prob sums within 0.0001
[PASS] Prediction direction         all 6 clear-cut sentences correct
[PASS] Edge cases                   all 4 edge cases handled without crash/NaN
[PASS] Confidence (neutral<clear)   clear conf 1.000 vs neutral conf 0.980
[PASS] Reproducibility              identical logits across 3 runs
[FAIL] Probability calibration      conf mean 0.993, range 0.052 — all predictions near-certain (overconfident)
[PASS] Batch consistency            max logit deviation 4.77e-07 (≤ 0.0001), labels identical
[PASS] Tokenization (trunc/pad)     truncated to 512 tokens, padded batch (2, 512) with correct mask

────────────────────────────────────────────────────────────
❌ FAILED — Phase 1 checks failed: Probability calibration
