Warning: You are sending unauthenticated requests to the HF Hub. Please set a HF_TOKEN to enable higher rate limits and faster downloads.
Device: mps
Movie-subreddit sarcasm comments: 9527 | balance {0: 4831, 1: 4696}
Split: train 6858 / val 763 / test 1906  (test saved -> phase3_sarcasm/data/reddit_movie_test.csv)
Loading weights:   0%|          | 0/197 [00:00<?, ?it/s]Loading weights: 100%|██████████| 197/197 [00:00<00:00, 22843.02it/s]
[transformers] [1mRobertaForSequenceClassification LOAD REPORT[0m from: roberta-base
Key                        | Status     | 
---------------------------+------------+-
lm_head.layer_norm.bias    | UNEXPECTED | 
lm_head.dense.bias         | UNEXPECTED | 
lm_head.bias               | UNEXPECTED | 
lm_head.dense.weight       | UNEXPECTED | 
lm_head.layer_norm.weight  | UNEXPECTED | 
classifier.dense.bias      | MISSING    | 
classifier.out_proj.weight | MISSING    | 
classifier.out_proj.bias   | MISSING    | 
classifier.dense.weight    | MISSING    | 

Notes:
- UNEXPECTED:	can be ignored when loading from different task/architecture; not ok if you expect identical arch.
- MISSING:	those params were newly initialized because missing from the checkpoint. Consider training on your downstream task.
    step 0/215 loss 0.6555
    step 20/215 loss 0.6855
    step 40/215 loss 0.6803
    step 60/215 loss 0.7071
    step 80/215 loss 0.6567
    step 100/215 loss 0.5982
    step 120/215 loss 0.6480
    step 140/215 loss 0.5207
    step 160/215 loss 0.6359
    step 180/215 loss 0.6675
    step 200/215 loss 0.8341
Epoch 1/3 train loss 0.6413 acc 0.6177 | val loss 0.5789 acc 0.6920 | 6.8min
Writing model shards:   0%|          | 0/1 [00:00<?, ?it/s]Writing model shards: 100%|██████████| 1/1 [00:00<00:00,  4.24it/s]Writing model shards: 100%|██████████| 1/1 [00:00<00:00,  4.23it/s]
  ↳ saved best -> phase3_sarcasm/checkpoints/movie_reddit_roberta
    step 0/215 loss 0.6104
    step 20/215 loss 0.6315
    step 40/215 loss 0.4867
    step 60/215 loss 0.4412
    step 80/215 loss 0.4242
    step 100/215 loss 0.5171
    step 120/215 loss 0.5844
    step 140/215 loss 0.4677
    step 160/215 loss 0.3899
    step 180/215 loss 0.4383
    step 200/215 loss 0.5369
Epoch 2/3 train loss 0.5315 acc 0.7329 | val loss 0.5785 acc 0.7117 | 8.3min
Writing model shards:   0%|          | 0/1 [00:00<?, ?it/s]Writing model shards: 100%|██████████| 1/1 [00:00<00:00,  1.63it/s]Writing model shards: 100%|██████████| 1/1 [00:00<00:00,  1.63it/s]
  ↳ saved best -> phase3_sarcasm/checkpoints/movie_reddit_roberta
    step 0/215 loss 0.5949
    step 20/215 loss 0.6160
    step 40/215 loss 0.4713
    step 60/215 loss 0.3883
    step 80/215 loss 0.4440
    step 100/215 loss 0.2635
    step 120/215 loss 0.3621
    step 140/215 loss 0.4162
    step 160/215 loss 0.4427
    step 180/215 loss 0.3408
    step 200/215 loss 0.4381
Epoch 3/3 train loss 0.4434 acc 0.7973 | val loss 0.6064 acc 0.7064 | 10.4min

======================================================================
COMPARISON on held-out MOVIE test set (1906 comments)
======================================================================
Loading weights:   0%|          | 0/201 [00:00<?, ?it/s]Loading weights: 100%|██████████| 201/201 [00:00<00:00, 6015.29it/s]
NEW roberta-base (movie Reddit) acc 0.7151 | P 0.7148 | R 0.7018 | F1 0.7082 | sarc-share 48%
    CM: TN704 FP263 FN280 TP659
Loading weights:   0%|          | 0/202 [00:00<?, ?it/s]Loading weights: 100%|██████████| 202/202 [00:00<00:00, 7048.66it/s]
dnzblgn (cust.reviews)       acc 0.5367 | P 0.5565 | R 0.2939 | F1 0.3847 | sarc-share 26%
    CM: TN747 FP220 FN663 TP276
Loading weights:   0%|          | 0/201 [00:00<?, ?it/s]Loading weights: 100%|██████████| 201/201 [00:00<00:00, 39615.39it/s]
helinivan (headlines)        acc 0.5068 | P 0.4959 | R 0.0639 | F1 0.1132 | sarc-share 6%
    CM: TN906 FP61 FN879 TP60
majority baseline            acc 0.5073 | F1 0.0000

=== RANKING by F1 on movie test set ===
  NEW roberta-base (movie Reddit) F1 0.7082  acc 0.7151
  dnzblgn (cust.reviews)       F1 0.3847  acc 0.5367
  helinivan (headlines)        F1 0.1132  acc 0.5068

DONE
